<?xml version="1.0" encoding="UTF-8"?>
<!-- Generated by org.testng.reporters.JUnitXMLReporter -->
<testsuite ignored="0" hostname="BTPL012" failures="0" tests="7" name="Default test" time="62.594" errors="0" timestamp="2025-05-02T15:37:56 IST">
  <testcase classname="LoginTest.Login_NewUI" name="Verify_Login" time="7.769"/>
  <testcase classname="LoginTest.Login_NewUI" name="Verify_clicking_PO_Menu" time="5.221"/>
  <testcase classname="LoginTest.Login_NewUI" name="Verify_NewUI_Popup" time="0.807"/>
  <testcase classname="LoginTest.Login_NewUI" name="Verify_clicking_CreateOrder" time="3.519"/>
  <testcase classname="LoginTest.Login_NewUI" name="Click_On_Exchange_RadioButton" time="5.13"/>
  <testcase classname="LoginTest.Login_NewUI" name="Verify_Clicking_Next_button_On_OrderParameter_Page" time="5.343"/>
  <testcase classname="LoginTest.Login_NewUI" name="fillOrderDetailsFromExcel" time="7.26"/>
</testsuite> <!-- Default test -->
