<?xml version="1.0" encoding="UTF-8"?>
<testng-results ignored="0" total="7" passed="7" failed="0" skipped="0">
  <reporter-output>
  </reporter-output>
  <suite started-at="2025-05-02T15:36:53 IST" name="Default suite" finished-at="2025-05-02T15:37:56 IST" duration-ms="62594">
    <groups>
    </groups>
    <test started-at="2025-05-02T15:36:53 IST" name="Default test" finished-at="2025-05-02T15:37:56 IST" duration-ms="62594">
      <class name="LoginTest.Login_NewUI">
        <test-method is-config="true" signature="setUp()[pri:0, instance:LoginTest.Login_NewUI@484970b0]" started-at="2025-05-02T15:36:53 IST" name="setUp" finished-at="2025-05-02T15:37:20 IST" duration-ms="26336" status="PASS">
          <reporter-output>
          </reporter-output>
        </test-method> <!-- setUp -->
        <test-method signature="Verify_Login()[pri:1, instance:LoginTest.Login_NewUI@484970b0]" started-at="2025-05-02T15:37:20 IST" name="Verify_Login" finished-at="2025-05-02T15:37:27 IST" duration-ms="7769" status="PASS">
          <reporter-output>
          </reporter-output>
        </test-method> <!-- Verify_Login -->
        <test-method signature="Verify_clicking_PO_Menu()[pri:2, instance:LoginTest.Login_NewUI@484970b0]" started-at="2025-05-02T15:37:27 IST" name="Verify_clicking_PO_Menu" finished-at="2025-05-02T15:37:33 IST" duration-ms="5221" status="PASS">
          <reporter-output>
          </reporter-output>
        </test-method> <!-- Verify_clicking_PO_Menu -->
        <test-method signature="Verify_NewUI_Popup()[pri:3, instance:LoginTest.Login_NewUI@484970b0]" started-at="2025-05-02T15:37:33 IST" name="Verify_NewUI_Popup" finished-at="2025-05-02T15:37:34 IST" duration-ms="807" status="PASS">
          <reporter-output>
          </reporter-output>
        </test-method> <!-- Verify_NewUI_Popup -->
        <test-method signature="Verify_clicking_CreateOrder()[pri:4, instance:LoginTest.Login_NewUI@484970b0]" started-at="2025-05-02T15:37:34 IST" name="Verify_clicking_CreateOrder" finished-at="2025-05-02T15:37:37 IST" duration-ms="3519" status="PASS">
          <reporter-output>
          </reporter-output>
        </test-method> <!-- Verify_clicking_CreateOrder -->
        <test-method signature="Click_On_Exchange_RadioButton()[pri:5, instance:LoginTest.Login_NewUI@484970b0]" started-at="2025-05-02T15:37:37 IST" name="Click_On_Exchange_RadioButton" finished-at="2025-05-02T15:37:42 IST" duration-ms="5130" status="PASS">
          <reporter-output>
          </reporter-output>
        </test-method> <!-- Click_On_Exchange_RadioButton -->
        <test-method signature="Verify_Clicking_Next_button_On_OrderParameter_Page()[pri:6, instance:LoginTest.Login_NewUI@484970b0]" started-at="2025-05-02T15:37:42 IST" name="Verify_Clicking_Next_button_On_OrderParameter_Page" finished-at="2025-05-02T15:37:48 IST" duration-ms="5343" status="PASS">
          <reporter-output>
          </reporter-output>
        </test-method> <!-- Verify_Clicking_Next_button_On_OrderParameter_Page -->
        <test-method signature="fillOrderDetailsFromExcel()[pri:7, instance:LoginTest.Login_NewUI@484970b0]" started-at="2025-05-02T15:37:48 IST" name="fillOrderDetailsFromExcel" finished-at="2025-05-02T15:37:55 IST" duration-ms="7260" status="PASS">
          <reporter-output>
          </reporter-output>
        </test-method> <!-- fillOrderDetailsFromExcel -->
        <test-method is-config="true" signature="tearDown()[pri:0, instance:LoginTest.Login_NewUI@484970b0]" started-at="2025-05-02T15:37:55 IST" name="tearDown" finished-at="2025-05-02T15:37:56 IST" duration-ms="1058" status="PASS">
          <reporter-output>
          </reporter-output>
        </test-method> <!-- tearDown -->
      </class> <!-- LoginTest.Login_NewUI -->
    </test> <!-- Default test -->
  </suite> <!-- Default suite -->
</testng-results>
